2025-06-19 13:20:03 [main] INFO  com.keywords.Keyword - Edge browser opened
2025-06-19 13:20:03 [main] INFO  com.Base.BaseClass - Browser opened
2025-06-19 13:20:05 [main] INFO  com.keywords.Keyword - application url is opend
2025-06-19 13:20:05 [main] INFO  com.Base.BaseClass - App URL is opened
2025-06-19 13:22:17 [main] INFO  com.keywords.Keyword - Edge browser opened
2025-06-19 13:22:17 [main] INFO  com.Base.BaseClass - Browser opened
2025-06-19 13:22:19 [main] INFO  com.keywords.Keyword - application url is opend
2025-06-19 13:22:19 [main] INFO  com.Base.BaseClass - App URL is opened
2025-06-21 16:25:20 [main] INFO  com.keywords.Keyword - Edge browser opened
2025-06-21 16:25:20 [main] INFO  com.Base.BaseClass - Browser opened
2025-06-21 16:25:22 [main] INFO  com.keywords.Keyword - application url is opend
2025-06-21 16:25:22 [main] INFO  com.Base.BaseClass - App URL is opened
2025-06-21 16:25:42 [main] INFO  com.keywords.Keyword - Persona & Attendance (P&A) Adherence
2025-06-21 16:28:36 [main] INFO  com.keywords.Keyword - Edge browser opened
2025-06-21 16:28:36 [main] INFO  com.Base.BaseClass - Browser opened
2025-06-21 16:28:37 [main] INFO  com.keywords.Keyword - application url is opend
2025-06-21 16:28:37 [main] INFO  com.Base.BaseClass - App URL is opened
2025-06-21 16:29:53 [main] INFO  com.keywords.Keyword - Edge browser opened
2025-06-21 16:29:53 [main] INFO  com.Base.BaseClass - Browser opened
2025-06-21 16:29:55 [main] INFO  com.keywords.Keyword - application url is opend
2025-06-21 16:29:55 [main] INFO  com.Base.BaseClass - App URL is opened
2025-06-21 16:30:14 [main] INFO  com.keywords.Keyword - Persona & Attendance (P&A) Adherence
2025-06-21 16:33:25 [main] INFO  com.keywords.Keyword - Edge browser opened
2025-06-21 16:33:25 [main] INFO  com.Base.BaseClass - Browser opened
2025-06-21 16:33:27 [main] INFO  com.keywords.Keyword - application url is opend
2025-06-21 16:33:27 [main] INFO  com.Base.BaseClass - App URL is opened
2025-06-21 16:42:19 [main] INFO  com.keywords.Keyword - Edge browser opened
2025-06-21 16:42:19 [main] INFO  com.Base.BaseClass - Browser opened
2025-06-21 16:42:20 [main] INFO  com.keywords.Keyword - application url is opend
2025-06-21 16:42:20 [main] INFO  com.Base.BaseClass - App URL is opened
2025-06-21 16:45:00 [main] INFO  com.keywords.Keyword - Edge browser opened
2025-06-21 16:45:00 [main] INFO  com.Base.BaseClass - Browser opened
2025-06-21 16:45:02 [main] INFO  com.keywords.Keyword - application url is opend
2025-06-21 16:45:02 [main] INFO  com.Base.BaseClass - App URL is opened
2025-06-21 16:45:52 [main] INFO  com.keywords.Keyword - Edge browser opened
2025-06-21 16:45:52 [main] INFO  com.Base.BaseClass - Browser opened
2025-06-21 16:45:53 [main] INFO  com.keywords.Keyword - application url is opend
2025-06-21 16:45:53 [main] INFO  com.Base.BaseClass - App URL is opened
2025-06-21 16:52:05 [main] INFO  com.keywords.Keyword - Edge browser opened
2025-06-21 16:52:05 [main] INFO  com.Base.BaseClass - Browser opened
2025-06-21 16:52:06 [main] INFO  com.keywords.Keyword - application url is opend
2025-06-21 16:52:06 [main] INFO  com.Base.BaseClass - App URL is opened
2025-06-21 16:52:06 [main] INFO  com.keywords.Keyword - Approval Inbox
2025-06-21 16:57:14 [main] INFO  com.keywords.Keyword - Edge browser opened
2025-06-21 16:57:14 [main] INFO  com.Base.BaseClass - Browser opened
2025-06-21 16:57:16 [main] INFO  com.keywords.Keyword - application url is opend
2025-06-21 16:57:16 [main] INFO  com.Base.BaseClass - App URL is opened
2025-06-21 16:59:40 [main] INFO  com.keywords.Keyword - Edge browser opened
2025-06-21 16:59:40 [main] INFO  com.Base.BaseClass - Browser opened
2025-06-21 16:59:41 [main] INFO  com.keywords.Keyword - application url is opend
2025-06-21 16:59:41 [main] INFO  com.Base.BaseClass - App URL is opened
